{"/home/cristiann/Desktop/projects/full-stack-e-commerce/frontend/src/App.js": {"path":"/home/cristiann/Desktop/projects/full-stack-e-commerce/frontend/src/App.js","statementMap":{"0":{"start":{"line":21,"column":26},"end":{"line":21,"column":38}},"1":{"start":{"line":24,"column":26},"end":{"line":24,"column":38}},"2":{"start":{"line":25,"column":40},"end":{"line":25,"column":51}},"3":{"start":{"line":26,"column":28},"end":{"line":26,"column":39}},"4":{"start":{"line":29,"column":20},"end":{"line":45,"column":3}},"5":{"start":{"line":30,"column":25},"end":{"line":30,"column":46}},"6":{"start":{"line":31,"column":4},"end":{"line":43,"column":5}},"7":{"start":{"line":32,"column":6},"end":{"line":32,"column":27}},"8":{"start":{"line":33,"column":6},"end":{"line":33,"column":34}},"9":{"start":{"line":36,"column":22},"end":{"line":36,"column":31}},"10":{"start":{"line":38,"column":25},"end":{"line":38,"column":46}},"11":{"start":{"line":39,"column":6},"end":{"line":39,"column":28}},"12":{"start":{"line":41,"column":6},"end":{"line":41,"column":33}},"13":{"start":{"line":42,"column":6},"end":{"line":42,"column":23}},"14":{"start":{"line":44,"column":4},"end":{"line":44,"column":36}},"15":{"start":{"line":47,"column":25},"end":{"line":58,"column":3}},"16":{"start":{"line":48,"column":4},"end":{"line":56,"column":5}},"17":{"start":{"line":49,"column":6},"end":{"line":49,"column":67}},"18":{"start":{"line":49,"column":22},"end":{"line":49,"column":65}},"19":{"start":{"line":49,"column":42},"end":{"line":49,"column":64}},"20":{"start":{"line":52,"column":22},"end":{"line":52,"column":31}},"21":{"start":{"line":53,"column":27},"end":{"line":53,"column":51}},"22":{"start":{"line":54,"column":6},"end":{"line":54,"column":39}},"23":{"start":{"line":55,"column":6},"end":{"line":55,"column":23}},"24":{"start":{"line":57,"column":4},"end":{"line":57,"column":36}},"25":{"start":{"line":60,"column":28},"end":{"line":66,"column":3}},"26":{"start":{"line":61,"column":27},"end":{"line":61,"column":64}},"27":{"start":{"line":62,"column":4},"end":{"line":62,"column":96}},"28":{"start":{"line":62,"column":69},"end":{"line":62,"column":94}},"29":{"start":{"line":64,"column":4},"end":{"line":64,"column":65}},"30":{"start":{"line":64,"column":20},"end":{"line":64,"column":63}},"31":{"start":{"line":64,"column":40},"end":{"line":64,"column":62}},"32":{"start":{"line":65,"column":4},"end":{"line":65,"column":51}},"33":{"start":{"line":68,"column":19},"end":{"line":73,"column":3}},"34":{"start":{"line":69,"column":26},"end":{"line":69,"column":57}},"35":{"start":{"line":70,"column":4},"end":{"line":72,"column":50}},"36":{"start":{"line":75,"column":21},"end":{"line":78,"column":3}},"37":{"start":{"line":76,"column":4},"end":{"line":76,"column":37}},"38":{"start":{"line":77,"column":4},"end":{"line":77,"column":46}},"39":{"start":{"line":77,"column":20},"end":{"line":77,"column":44}},"40":{"start":{"line":80,"column":26},"end":{"line":83,"column":3}},"41":{"start":{"line":81,"column":4},"end":{"line":81,"column":41}},"42":{"start":{"line":82,"column":4},"end":{"line":82,"column":92}},"43":{"start":{"line":82,"column":61},"end":{"line":82,"column":90}},"44":{"start":{"line":85,"column":23},"end":{"line":94,"column":3}},"45":{"start":{"line":86,"column":17},"end":{"line":86,"column":48}},"46":{"start":{"line":87,"column":4},"end":{"line":93,"column":5}},"47":{"start":{"line":88,"column":6},"end":{"line":88,"column":36}},"48":{"start":{"line":89,"column":6},"end":{"line":89,"column":34}},"49":{"start":{"line":91,"column":6},"end":{"line":91,"column":32}},"50":{"start":{"line":92,"column":6},"end":{"line":92,"column":31}},"51":{"start":{"line":100,"column":2},"end":{"line":163,"column":4}}},"fnMap":{"0":{"name":"App","decl":{"start":{"line":19,"column":9},"end":{"line":19,"column":12}},"loc":{"start":{"line":19,"column":15},"end":{"line":164,"column":1}},"line":19},"1":{"name":"(anonymous_1)","decl":{"start":{"line":29,"column":20},"end":{"line":29,"column":21}},"loc":{"start":{"line":29,"column":33},"end":{"line":45,"column":3}},"line":29},"2":{"name":"(anonymous_2)","decl":{"start":{"line":47,"column":25},"end":{"line":47,"column":26}},"loc":{"start":{"line":47,"column":38},"end":{"line":58,"column":3}},"line":47},"3":{"name":"(anonymous_3)","decl":{"start":{"line":49,"column":14},"end":{"line":49,"column":15}},"loc":{"start":{"line":49,"column":22},"end":{"line":49,"column":65}},"line":49},"4":{"name":"(anonymous_4)","decl":{"start":{"line":49,"column":34},"end":{"line":49,"column":35}},"loc":{"start":{"line":49,"column":42},"end":{"line":49,"column":64}},"line":49},"5":{"name":"(anonymous_5)","decl":{"start":{"line":60,"column":28},"end":{"line":60,"column":29}},"loc":{"start":{"line":60,"column":41},"end":{"line":66,"column":3}},"line":60},"6":{"name":"(anonymous_6)","decl":{"start":{"line":62,"column":57},"end":{"line":62,"column":58}},"loc":{"start":{"line":62,"column":69},"end":{"line":62,"column":94}},"line":62},"7":{"name":"(anonymous_7)","decl":{"start":{"line":64,"column":12},"end":{"line":64,"column":13}},"loc":{"start":{"line":64,"column":20},"end":{"line":64,"column":63}},"line":64},"8":{"name":"(anonymous_8)","decl":{"start":{"line":64,"column":32},"end":{"line":64,"column":33}},"loc":{"start":{"line":64,"column":40},"end":{"line":64,"column":62}},"line":64},"9":{"name":"(anonymous_9)","decl":{"start":{"line":68,"column":19},"end":{"line":68,"column":20}},"loc":{"start":{"line":68,"column":25},"end":{"line":73,"column":3}},"line":68},"10":{"name":"(anonymous_10)","decl":{"start":{"line":75,"column":21},"end":{"line":75,"column":22}},"loc":{"start":{"line":75,"column":33},"end":{"line":78,"column":3}},"line":75},"11":{"name":"(anonymous_11)","decl":{"start":{"line":77,"column":13},"end":{"line":77,"column":14}},"loc":{"start":{"line":77,"column":20},"end":{"line":77,"column":44}},"line":77},"12":{"name":"(anonymous_12)","decl":{"start":{"line":80,"column":26},"end":{"line":80,"column":27}},"loc":{"start":{"line":80,"column":38},"end":{"line":83,"column":3}},"line":80},"13":{"name":"(anonymous_13)","decl":{"start":{"line":82,"column":49},"end":{"line":82,"column":50}},"loc":{"start":{"line":82,"column":61},"end":{"line":82,"column":90}},"line":82},"14":{"name":"(anonymous_14)","decl":{"start":{"line":85,"column":23},"end":{"line":85,"column":24}},"loc":{"start":{"line":85,"column":29},"end":{"line":94,"column":3}},"line":85}},"branchMap":{"0":{"loc":{"start":{"line":31,"column":4},"end":{"line":43,"column":5}},"type":"if","locations":[{"start":{"line":31,"column":4},"end":{"line":43,"column":5}},{"start":{"line":31,"column":4},"end":{"line":43,"column":5}}],"line":31},"1":{"loc":{"start":{"line":48,"column":4},"end":{"line":56,"column":5}},"type":"if","locations":[{"start":{"line":48,"column":4},"end":{"line":56,"column":5}},{"start":{"line":48,"column":4},"end":{"line":56,"column":5}}],"line":48},"2":{"loc":{"start":{"line":62,"column":4},"end":{"line":62,"column":95}},"type":"cond-expr","locations":[{"start":{"line":62,"column":34},"end":{"line":62,"column":45}},{"start":{"line":62,"column":48},"end":{"line":62,"column":95}}],"line":62},"3":{"loc":{"start":{"line":70,"column":4},"end":{"line":72,"column":49}},"type":"cond-expr","locations":[{"start":{"line":71,"column":8},"end":{"line":71,"column":50}},{"start":{"line":72,"column":8},"end":{"line":72,"column":49}}],"line":70},"4":{"loc":{"start":{"line":82,"column":4},"end":{"line":82,"column":91}},"type":"cond-expr","locations":[{"start":{"line":82,"column":26},"end":{"line":82,"column":37}},{"start":{"line":82,"column":40},"end":{"line":82,"column":91}}],"line":82},"5":{"loc":{"start":{"line":87,"column":4},"end":{"line":93,"column":5}},"type":"if","locations":[{"start":{"line":87,"column":4},"end":{"line":93,"column":5}},{"start":{"line":87,"column":4},"end":{"line":93,"column":5}}],"line":87}},"s":{"0":0,"1":0,"2":0,"3":0,"4":0,"5":0,"6":0,"7":0,"8":0,"9":0,"10":0,"11":0,"12":0,"13":0,"14":0,"15":0,"16":0,"17":0,"18":0,"19":0,"20":0,"21":0,"22":0,"23":0,"24":0,"25":0,"26":0,"27":0,"28":0,"29":0,"30":0,"31":0,"32":0,"33":0,"34":0,"35":0,"36":0,"37":0,"38":0,"39":0,"40":0,"41":0,"42":0,"43":0,"44":0,"45":0,"46":0,"47":0,"48":0,"49":0,"50":0,"51":0},"f":{"0":0,"1":0,"2":0,"3":0,"4":0,"5":0,"6":0,"7":0,"8":0,"9":0,"10":0,"11":0,"12":0,"13":0,"14":0},"b":{"0":[0,0],"1":[0,0],"2":[0,0],"3":[0,0],"4":[0,0],"5":[0,0]}}
,"/home/cristiann/Desktop/projects/full-stack-e-commerce/frontend/src/index.js": {"path":"/home/cristiann/Desktop/projects/full-stack-e-commerce/frontend/src/index.js","statementMap":{"0":{"start":{"line":8,"column":0},"end":{"line":13,"column":2}},"1":{"start":{"line":18,"column":0},"end":{"line":18,"column":18}}},"fnMap":{},"branchMap":{},"s":{"0":0,"1":0},"f":{},"b":{}}
,"/home/cristiann/Desktop/projects/full-stack-e-commerce/frontend/src/reportWebVitals.js": {"path":"/home/cristiann/Desktop/projects/full-stack-e-commerce/frontend/src/reportWebVitals.js","statementMap":{"0":{"start":{"line":1,"column":24},"end":{"line":11,"column":1}},"1":{"start":{"line":2,"column":2},"end":{"line":10,"column":3}},"2":{"start":{"line":3,"column":4},"end":{"line":9,"column":7}},"3":{"start":{"line":4,"column":6},"end":{"line":4,"column":26}},"4":{"start":{"line":5,"column":6},"end":{"line":5,"column":26}},"5":{"start":{"line":6,"column":6},"end":{"line":6,"column":26}},"6":{"start":{"line":7,"column":6},"end":{"line":7,"column":26}},"7":{"start":{"line":8,"column":6},"end":{"line":8,"column":27}}},"fnMap":{"0":{"name":"(anonymous_0)","decl":{"start":{"line":1,"column":24},"end":{"line":1,"column":25}},"loc":{"start":{"line":1,"column":39},"end":{"line":11,"column":1}},"line":1},"1":{"name":"(anonymous_1)","decl":{"start":{"line":3,"column":30},"end":{"line":3,"column":31}},"loc":{"start":{"line":3,"column":79},"end":{"line":9,"column":5}},"line":3}},"branchMap":{"0":{"loc":{"start":{"line":2,"column":2},"end":{"line":10,"column":3}},"type":"if","locations":[{"start":{"line":2,"column":2},"end":{"line":10,"column":3}},{"start":{"line":2,"column":2},"end":{"line":10,"column":3}}],"line":2},"1":{"loc":{"start":{"line":2,"column":6},"end":{"line":2,"column":52}},"type":"binary-expr","locations":[{"start":{"line":2,"column":6},"end":{"line":2,"column":17}},{"start":{"line":2,"column":21},"end":{"line":2,"column":52}}],"line":2}},"s":{"0":0,"1":0,"2":0,"3":0,"4":0,"5":0,"6":0,"7":0},"f":{"0":0,"1":0},"b":{"0":[0,0],"1":[0,0]}}
,"/home/cristiann/Desktop/projects/full-stack-e-commerce/frontend/src/components/Account/Account.js": {"path":"/home/cristiann/Desktop/projects/full-stack-e-commerce/frontend/src/components/Account/Account.js","statementMap":{"0":{"start":{"line":7,"column":23},"end":{"line":63,"column":1}},"1":{"start":{"line":8,"column":32},"end":{"line":8,"column":44}},"2":{"start":{"line":10,"column":23},"end":{"line":21,"column":5}},"3":{"start":{"line":11,"column":23},"end":{"line":13,"column":10}},"4":{"start":{"line":15,"column":27},"end":{"line":15,"column":46}},"5":{"start":{"line":16,"column":8},"end":{"line":16,"column":90}},"6":{"start":{"line":17,"column":8},"end":{"line":17,"column":46}},"7":{"start":{"line":19,"column":8},"end":{"line":19,"column":30}},"8":{"start":{"line":23,"column":4},"end":{"line":25,"column":10}},"9":{"start":{"line":24,"column":8},"end":{"line":24,"column":21}},"10":{"start":{"line":27,"column":26},"end":{"line":27,"column":116}},"11":{"start":{"line":29,"column":25},"end":{"line":49,"column":10}},"12":{"start":{"line":30,"column":12},"end":{"line":48,"column":18}},"13":{"start":{"line":38,"column":24},"end":{"line":45,"column":30}},"14":{"start":{"line":53,"column":4},"end":{"line":62,"column":6}}},"fnMap":{"0":{"name":"(anonymous_0)","decl":{"start":{"line":7,"column":23},"end":{"line":7,"column":24}},"loc":{"start":{"line":7,"column":34},"end":{"line":63,"column":1}},"line":7},"1":{"name":"(anonymous_1)","decl":{"start":{"line":10,"column":23},"end":{"line":10,"column":24}},"loc":{"start":{"line":10,"column":35},"end":{"line":21,"column":5}},"line":10},"2":{"name":"(anonymous_2)","decl":{"start":{"line":23,"column":14},"end":{"line":23,"column":15}},"loc":{"start":{"line":23,"column":20},"end":{"line":25,"column":5}},"line":23},"3":{"name":"(anonymous_3)","decl":{"start":{"line":29,"column":57},"end":{"line":29,"column":58}},"loc":{"start":{"line":30,"column":12},"end":{"line":48,"column":18}},"line":30},"4":{"name":"(anonymous_4)","decl":{"start":{"line":37,"column":30},"end":{"line":37,"column":31}},"loc":{"start":{"line":38,"column":24},"end":{"line":45,"column":30}},"line":38}},"branchMap":{"0":{"loc":{"start":{"line":27,"column":26},"end":{"line":27,"column":116}},"type":"cond-expr","locations":[{"start":{"line":27,"column":39},"end":{"line":27,"column":91}},{"start":{"line":27,"column":94},"end":{"line":27,"column":116}}],"line":27},"1":{"loc":{"start":{"line":29,"column":25},"end":{"line":49,"column":10}},"type":"cond-expr","locations":[{"start":{"line":29,"column":39},"end":{"line":29,"column":43}},{"start":{"line":29,"column":46},"end":{"line":49,"column":10}}],"line":29}},"s":{"0":0,"1":0,"2":0,"3":0,"4":0,"5":0,"6":0,"7":0,"8":0,"9":0,"10":0,"11":0,"12":0,"13":0,"14":0},"f":{"0":0,"1":0,"2":0,"3":0,"4":0},"b":{"0":[0,0],"1":[0,0]}}
,"/home/cristiann/Desktop/projects/full-stack-e-commerce/frontend/src/components/Banner/Banner.js": {"path":"/home/cristiann/Desktop/projects/full-stack-e-commerce/frontend/src/components/Banner/Banner.js","statementMap":{"0":{"start":{"line":8,"column":22},"end":{"line":26,"column":1}},"1":{"start":{"line":10,"column":4},"end":{"line":25,"column":6}}},"fnMap":{"0":{"name":"(anonymous_0)","decl":{"start":{"line":8,"column":22},"end":{"line":8,"column":23}},"loc":{"start":{"line":8,"column":33},"end":{"line":26,"column":1}},"line":8}},"branchMap":{},"s":{"0":1,"1":2},"f":{"0":2},"b":{},"_coverageSchema":"1a1c01bbd47fc00a2c39e90264f33305004495a9","hash":"6634fba0852d15c64b64ffc67f80d86ddbc9d067"}
,"/home/cristiann/Desktop/projects/full-stack-e-commerce/frontend/src/components/Bestsellers/Bestsellers.js": {"path":"/home/cristiann/Desktop/projects/full-stack-e-commerce/frontend/src/components/Bestsellers/Bestsellers.js","statementMap":{"0":{"start":{"line":7,"column":27},"end":{"line":42,"column":1}},"1":{"start":{"line":8,"column":42},"end":{"line":8,"column":54}},"2":{"start":{"line":10,"column":25},"end":{"line":14,"column":5}},"3":{"start":{"line":11,"column":25},"end":{"line":11,"column":70}},"4":{"start":{"line":12,"column":29},"end":{"line":12,"column":50}},"5":{"start":{"line":13,"column":8},"end":{"line":13,"column":37}},"6":{"start":{"line":17,"column":4},"end":{"line":20,"column":10}},"7":{"start":{"line":18,"column":8},"end":{"line":18,"column":23}},"8":{"start":{"line":19,"column":8},"end":{"line":19,"column":33}},"9":{"start":{"line":25,"column":4},"end":{"line":41,"column":6}},"10":{"start":{"line":29,"column":20},"end":{"line":37,"column":26}},"11":{"start":{"line":34,"column":28},"end":{"line":34,"column":53}},"12":{"start":{"line":35,"column":28},"end":{"line":35,"column":65}}},"fnMap":{"0":{"name":"(anonymous_0)","decl":{"start":{"line":7,"column":27},"end":{"line":7,"column":28}},"loc":{"start":{"line":7,"column":38},"end":{"line":42,"column":1}},"line":7},"1":{"name":"(anonymous_1)","decl":{"start":{"line":10,"column":25},"end":{"line":10,"column":26}},"loc":{"start":{"line":10,"column":37},"end":{"line":14,"column":5}},"line":10},"2":{"name":"(anonymous_2)","decl":{"start":{"line":17,"column":14},"end":{"line":17,"column":15}},"loc":{"start":{"line":17,"column":20},"end":{"line":20,"column":5}},"line":17},"3":{"name":"(anonymous_3)","decl":{"start":{"line":28,"column":32},"end":{"line":28,"column":33}},"loc":{"start":{"line":29,"column":20},"end":{"line":37,"column":26}},"line":29},"4":{"name":"(anonymous_4)","decl":{"start":{"line":33,"column":41},"end":{"line":33,"column":42}},"loc":{"start":{"line":33,"column":47},"end":{"line":36,"column":25}},"line":33}},"branchMap":{},"s":{"0":0,"1":0,"2":0,"3":0,"4":0,"5":0,"6":0,"7":0,"8":0,"9":0,"10":0,"11":0,"12":0},"f":{"0":0,"1":0,"2":0,"3":0,"4":0},"b":{}}
,"/home/cristiann/Desktop/projects/full-stack-e-commerce/frontend/src/components/Cart/Cart.js": {"path":"/home/cristiann/Desktop/projects/full-stack-e-commerce/frontend/src/components/Cart/Cart.js","statementMap":{"0":{"start":{"line":6,"column":20},"end":{"line":48,"column":1}},"1":{"start":{"line":11,"column":4},"end":{"line":47,"column":6}},"2":{"start":{"line":17,"column":20},"end":{"line":38,"column":26}},"3":{"start":{"line":25,"column":32},"end":{"line":25,"column":74}},"4":{"start":{"line":26,"column":32},"end":{"line":26,"column":62}},"5":{"start":{"line":28,"column":32},"end":{"line":28,"column":69}},"6":{"start":{"line":29,"column":32},"end":{"line":29,"column":57}},"7":{"start":{"line":34,"column":51},"end":{"line":34,"column":83}}},"fnMap":{"0":{"name":"(anonymous_0)","decl":{"start":{"line":6,"column":20},"end":{"line":6,"column":21}},"loc":{"start":{"line":6,"column":31},"end":{"line":48,"column":1}},"line":6},"1":{"name":"(anonymous_1)","decl":{"start":{"line":16,"column":31},"end":{"line":16,"column":32}},"loc":{"start":{"line":17,"column":20},"end":{"line":38,"column":26}},"line":17},"2":{"name":"(anonymous_2)","decl":{"start":{"line":24,"column":45},"end":{"line":24,"column":46}},"loc":{"start":{"line":24,"column":51},"end":{"line":27,"column":29}},"line":24},"3":{"name":"(anonymous_3)","decl":{"start":{"line":27,"column":78},"end":{"line":27,"column":79}},"loc":{"start":{"line":27,"column":84},"end":{"line":30,"column":29}},"line":27},"4":{"name":"(anonymous_4)","decl":{"start":{"line":34,"column":45},"end":{"line":34,"column":46}},"loc":{"start":{"line":34,"column":51},"end":{"line":34,"column":83}},"line":34}},"branchMap":{},"s":{"0":0,"1":0,"2":0,"3":0,"4":0,"5":0,"6":0,"7":0},"f":{"0":0,"1":0,"2":0,"3":0,"4":0},"b":{}}
,"/home/cristiann/Desktop/projects/full-stack-e-commerce/frontend/src/components/Footer/Footer.js": {"path":"/home/cristiann/Desktop/projects/full-stack-e-commerce/frontend/src/components/Footer/Footer.js","statementMap":{"0":{"start":{"line":4,"column":22},"end":{"line":12,"column":1}},"1":{"start":{"line":5,"column":4},"end":{"line":11,"column":6}}},"fnMap":{"0":{"name":"(anonymous_0)","decl":{"start":{"line":4,"column":22},"end":{"line":4,"column":23}},"loc":{"start":{"line":4,"column":28},"end":{"line":12,"column":1}},"line":4}},"branchMap":{},"s":{"0":1,"1":1},"f":{"0":1},"b":{},"_coverageSchema":"1a1c01bbd47fc00a2c39e90264f33305004495a9","hash":"0eb6e97b6e470128a2553edff7cc80e5d3a636b4"}
,"/home/cristiann/Desktop/projects/full-stack-e-commerce/frontend/src/components/Header/Header.js": {"path":"/home/cristiann/Desktop/projects/full-stack-e-commerce/frontend/src/components/Header/Header.js","statementMap":{"0":{"start":{"line":6,"column":22},"end":{"line":37,"column":1}},"1":{"start":{"line":8,"column":21},"end":{"line":13,"column":5}},"2":{"start":{"line":9,"column":8},"end":{"line":11,"column":11}},"3":{"start":{"line":12,"column":8},"end":{"line":12,"column":26}},"4":{"start":{"line":15,"column":24},"end":{"line":16,"column":50}},"5":{"start":{"line":20,"column":4},"end":{"line":36,"column":6}}},"fnMap":{"0":{"name":"(anonymous_0)","decl":{"start":{"line":6,"column":22},"end":{"line":6,"column":23}},"loc":{"start":{"line":6,"column":33},"end":{"line":37,"column":1}},"line":6},"1":{"name":"(anonymous_1)","decl":{"start":{"line":8,"column":21},"end":{"line":8,"column":22}},"loc":{"start":{"line":8,"column":33},"end":{"line":13,"column":5}},"line":8}},"branchMap":{"0":{"loc":{"start":{"line":15,"column":24},"end":{"line":16,"column":50}},"type":"cond-expr","locations":[{"start":{"line":15,"column":37},"end":{"line":15,"column":91}},{"start":{"line":16,"column":10},"end":{"line":16,"column":50}}],"line":15}},"s":{"0":1,"1":3,"2":0,"3":0,"4":3,"5":3},"f":{"0":3,"1":0},"b":{"0":[1,2]},"_coverageSchema":"1a1c01bbd47fc00a2c39e90264f33305004495a9","hash":"f7b5220ab8643ef1245a8ddd6c5c590fc6d8ee59"}
,"/home/cristiann/Desktop/projects/full-stack-e-commerce/frontend/src/components/Login/Login.js": {"path":"/home/cristiann/Desktop/projects/full-stack-e-commerce/frontend/src/components/Login/Login.js","statementMap":{"0":{"start":{"line":4,"column":21},"end":{"line":33,"column":1}},"1":{"start":{"line":6,"column":4},"end":{"line":32,"column":6}}},"fnMap":{"0":{"name":"(anonymous_0)","decl":{"start":{"line":4,"column":21},"end":{"line":4,"column":22}},"loc":{"start":{"line":4,"column":27},"end":{"line":33,"column":1}},"line":4}},"branchMap":{},"s":{"0":0,"1":0},"f":{"0":0},"b":{}}
}
